<?xml version="1.0" encoding="UTF-8"?>
<testsuite xmlns:xsi="http://www.w3.org/2001/XMLSchema-instance" xsi:noNamespaceSchemaLocation="https://maven.apache.org/surefire/maven-surefire-plugin/xsd/surefire-test-report-3.0.xsd" version="3.0" name="org.example.MainTest" time="0.187" tests="5" errors="0" skipped="0" failures="0">
  <properties>
[...]
</properties>
  <testcase name="testFactorialFunction" classname="org.example.MainTest" time="0.081">
    <system-out><![CDATA[****Welcome to Scientific Calculator Menu****
1. Square Root Function
2. Factorial Function
3. Natural Logarithm
4. Power Function
5. Exit
Enter your choice
Enter a number for which you want to calculate the factorial:
The factorial of the number is: 120
****Welcome to Scientific Calculator Menu****
1. Square Root Function
2. Factorial Function
3. Natural Logarithm
4. Power Function
5. Exit
Enter your choice
Exiting from the application
]]></system-out>
  </testcase>
  <testcase name="testExitFunction" classname="org.example.MainTest" time="0.004">
    <system-out><![CDATA[****Welcome to Scientific Calculator Menu****
1. Square Root Function
2. Factorial Function
3. Natural Logarithm
4. Power Function
5. Exit
Enter your choice
Exiting from the application
]]></system-out>
  </testcase>
  <testcase name="testSquareRootFunction" classname="org.example.MainTest" time="0.016">
    <system-out><![CDATA[****Welcome to Scientific Calculator Menu****
1. Square Root Function
2. Factorial Function
3. Natural Logarithm
4. Power Function
5. Exit
Enter your choice
Enter a number for which you want to calculate the square root:
The square root of the number is: 4.0
****Welcome to Scientific Calculator Menu****
1. Square Root Function
2. Factorial Function
3. Natural Logarithm
4. Power Function
5. Exit
Enter your choice
Exiting from the application
]]></system-out>
  </testcase>
  <testcase name="testNaturalLogarithm" classname="org.example.MainTest" time="0.012">
    <system-out><![CDATA[****Welcome to Scientific Calculator Menu****
1. Square Root Function
2. Factorial Function
3. Natural Logarithm
4. Power Function
5. Exit
Enter your choice
Enter a number for which you want to calculate the natural logarithm:
The natural logarithm of the number is: 2.302585092994046
****Welcome to Scientific Calculator Menu****
1. Square Root Function
2. Factorial Function
3. Natural Logarithm
4. Power Function
5. Exit
Enter your choice
Exiting from the application
]]></system-out>
  </testcase>
  <testcase name="testPowerFunction" classname="org.example.MainTest" time="0.015">
    <system-out><![CDATA[****Welcome to Scientific Calculator Menu****
1. Square Root Function
2. Factorial Function
3. Natural Logarithm
4. Power Function
5. Exit
Enter your choice
Enter the base:
Enter the exponent:
The result of raising 2.0 to the power of 3.0 is: 8.0
****Welcome to Scientific Calculator Menu****
1. Square Root Function
2. Factorial Function
3. Natural Logarithm
4. Power Function
5. Exit
Enter your choice
Exiting from the application
]]></system-out>
  </testcase>
</testsuite>